mode: set
/Users/rishabhverma/Documents/GitHub/Snug-test/datediff.go:29.44,30.21 1 1
/Users/rishabhverma/Documents/GitHub/Snug-test/datediff.go:39.2,39.13 1 1
/Users/rishabhverma/Documents/GitHub/Snug-test/datediff.go:30.21,31.62 1 1
/Users/rishabhverma/Documents/GitHub/Snug-test/datediff.go:31.62,33.4 1 1
/Users/rishabhverma/Documents/GitHub/Snug-test/datediff.go:34.8,35.58 1 1
/Users/rishabhverma/Documents/GitHub/Snug-test/datediff.go:35.58,37.4 1 1
/Users/rishabhverma/Documents/GitHub/Snug-test/datediff.go:43.50,44.39 1 1
/Users/rishabhverma/Documents/GitHub/Snug-test/datediff.go:47.2,47.48 1 1
/Users/rishabhverma/Documents/GitHub/Snug-test/datediff.go:50.2,51.17 2 1
/Users/rishabhverma/Documents/GitHub/Snug-test/datediff.go:54.2,54.13 1 1
/Users/rishabhverma/Documents/GitHub/Snug-test/datediff.go:44.39,46.3 1 1
/Users/rishabhverma/Documents/GitHub/Snug-test/datediff.go:47.48,49.3 1 1
/Users/rishabhverma/Documents/GitHub/Snug-test/datediff.go:51.17,53.3 1 0
/Users/rishabhverma/Documents/GitHub/Snug-test/datediff.go:58.45,60.21 2 1
/Users/rishabhverma/Documents/GitHub/Snug-test/datediff.go:65.2,66.58 2 1
/Users/rishabhverma/Documents/GitHub/Snug-test/datediff.go:60.21,62.3 1 1
/Users/rishabhverma/Documents/GitHub/Snug-test/datediff.go:62.8,64.3 1 1
/Users/rishabhverma/Documents/GitHub/Snug-test/datediff.go:70.35,71.55 1 1
/Users/rishabhverma/Documents/GitHub/Snug-test/datediff.go:74.2,74.14 1 1
/Users/rishabhverma/Documents/GitHub/Snug-test/datediff.go:71.55,73.3 1 1
/Users/rishabhverma/Documents/GitHub/Snug-test/datediff.go:78.45,81.25 3 1
/Users/rishabhverma/Documents/GitHub/Snug-test/datediff.go:89.2,89.18 1 1
/Users/rishabhverma/Documents/GitHub/Snug-test/datediff.go:81.25,83.17 2 1
/Users/rishabhverma/Documents/GitHub/Snug-test/datediff.go:86.3,87.6 2 1
/Users/rishabhverma/Documents/GitHub/Snug-test/datediff.go:83.17,84.14 1 0
/Users/rishabhverma/Documents/GitHub/Snug-test/datediff.go:93.47,94.83 1 1
/Users/rishabhverma/Documents/GitHub/Snug-test/datediff.go:97.2,97.13 1 1
/Users/rishabhverma/Documents/GitHub/Snug-test/datediff.go:94.83,96.3 1 1
/Users/rishabhverma/Documents/GitHub/Snug-test/datediff.go:100.38,101.11 1 1
/Users/rishabhverma/Documents/GitHub/Snug-test/datediff.go:104.2,104.13 1 1
/Users/rishabhverma/Documents/GitHub/Snug-test/datediff.go:101.11,103.3 1 1
/Users/rishabhverma/Documents/GitHub/Snug-test/datediff.go:108.13,110.23 1 0
/Users/rishabhverma/Documents/GitHub/Snug-test/datediff.go:114.2,124.36 7 0
/Users/rishabhverma/Documents/GitHub/Snug-test/datediff.go:129.2,148.74 5 0
/Users/rishabhverma/Documents/GitHub/Snug-test/datediff.go:153.2,158.30 4 0
/Users/rishabhverma/Documents/GitHub/Snug-test/datediff.go:110.23,111.124 1 0
/Users/rishabhverma/Documents/GitHub/Snug-test/datediff.go:124.36,125.42 1 0
/Users/rishabhverma/Documents/GitHub/Snug-test/datediff.go:148.74,149.43 1 0
